Using pre-set license
Built from '2023.2/staging' branch; Version is '2023.2.5f1 (381b4941466e) revision 3677001'; Using compiler version '193431935'; Build Type 'Release'
OS: 'Windows 11  (10.0.22631) 64bit Core' Language: 'en' Physical Memory: 16102 MB
BatchMode: 1, IsHumanControllingUs: 0, StartBugReporterOnCrash: 0, Is64bit: 1, IsPro: 1

COMMAND LINE ARGUMENTS:
C:\Program Files\Unity\Hub\Editor\2023.2.5f1\Editor\Unity.exe
-adb2
-batchMode
-noUpm
-name
AssetImportWorker6
-projectPath
C:/melvin_branch/Cast Away
-logFile
Logs/AssetImportWorker6.log
-srvPort
58164
-job-worker-count
5
-background-job-worker-count
8
-asset-garbage-collectors
1
Successfully changed project path to: C:/melvin_branch/Cast Away
C:/melvin_branch/Cast Away
[UnityMemory] Configuration Parameters - Can be set up in boot.config
    "memorysetup-bucket-allocator-granularity=16"
    "memorysetup-bucket-allocator-bucket-count=8"
    "memorysetup-bucket-allocator-block-size=33554432"
    "memorysetup-bucket-allocator-block-count=8"
    "memorysetup-main-allocator-block-size=16777216"
    "memorysetup-thread-allocator-block-size=16777216"
    "memorysetup-gfx-main-allocator-block-size=16777216"
    "memorysetup-gfx-thread-allocator-block-size=16777216"
    "memorysetup-cache-allocator-block-size=4194304"
    "memorysetup-typetree-allocator-block-size=2097152"
    "memorysetup-profiler-bucket-allocator-granularity=16"
    "memorysetup-profiler-bucket-allocator-bucket-count=8"
    "memorysetup-profiler-bucket-allocator-block-size=33554432"
    "memorysetup-profiler-bucket-allocator-block-count=8"
    "memorysetup-profiler-allocator-block-size=16777216"
    "memorysetup-profiler-editor-allocator-block-size=1048576"
    "memorysetup-temp-allocator-size-main=16777216"
    "memorysetup-job-temp-allocator-block-size=2097152"
    "memorysetup-job-temp-allocator-block-size-background=1048576"
    "memorysetup-job-temp-allocator-reduction-small-platforms=262144"
    "memorysetup-allocator-temp-initial-block-size-main=262144"
    "memorysetup-allocator-temp-initial-block-size-worker=262144"
    "memorysetup-temp-allocator-size-background-worker=32768"
    "memorysetup-temp-allocator-size-job-worker=262144"
    "memorysetup-temp-allocator-size-preload-manager=33554432"
    "memorysetup-temp-allocator-size-nav-mesh-worker=65536"
    "memorysetup-temp-allocator-size-audio-worker=65536"
    "memorysetup-temp-allocator-size-cloud-worker=32768"
    "memorysetup-temp-allocator-size-gi-baking-worker=262144"
    "memorysetup-temp-allocator-size-gi-baking-worker=262144"
    "memorysetup-temp-allocator-size-gi-baking-worker=262144"
    "memorysetup-temp-allocator-size-gi-baking-worker=262144"
    "memorysetup-temp-allocator-size-gfx=262144"
Player connection [8316] Host "[IP] 10.0.0.80 [Port] 0 [Flags] 2 [Guid] 2178005103 [EditorId] 2178005103 [Version] 1048832 [Id] WindowsEditor(7,Melvins_PC) [Debug] 1 [PackageName] WindowsEditor [ProjectName] Editor" joined multi-casting on [225.0.0.222:54997]...
Player connection [8316] Host "[IP] 10.0.0.80 [Port] 0 [Flags] 2 [Guid] 2178005103 [EditorId] 2178005103 [Version] 1048832 [Id] WindowsEditor(7,Melvins_PC) [Debug] 1 [PackageName] WindowsEditor [ProjectName] Editor" joined alternative multi-casting on [225.0.0.222:34997]...
JobSystem: Creating JobQueue using job-worker-count value 5
[Physics::Module] Initialized MultithreadedJobDispatcher with 5 workers.
Library Redirect Path: Library/
Refreshing native plugins compatible for Editor in 1.48 ms, found 4 plugins.
Preloading 0 native plugins for Editor in 0.00 ms.
Initialize engine version: 2023.2.5f1 (381b4941466e)
[Subsystems] Discovering subsystems at path C:/Program Files/Unity/Hub/Editor/2023.2.5f1/Editor/Data/Resources/UnitySubsystems
[Subsystems] Discovering subsystems at path C:/melvin_branch/Cast Away/Assets
GfxDevice: creating device client; kGfxThreadingModeNonThreaded
Direct3D:
    Version:  Direct3D 11.0 [level 11.1]
    Renderer: NVIDIA GeForce RTX 3050 OEM (ID=0x2508)
    Vendor:   NVIDIA
    VRAM:     8042 MB
    Driver:   31.0.15.5186
Initialize mono
Mono path[0] = 'C:/Program Files/Unity/Hub/Editor/2023.2.5f1/Editor/Data/Managed'
Mono path[1] = 'C:/Program Files/Unity/Hub/Editor/2023.2.5f1/Editor/Data/MonoBleedingEdge/lib/mono/unityjit-win32'
Mono config path = 'C:/Program Files/Unity/Hub/Editor/2023.2.5f1/Editor/Data/MonoBleedingEdge/etc'
Using monoOptions --debugger-agent=transport=dt_socket,embedding=1,server=y,suspend=n,address=127.0.0.1:56728
Begin MonoManager ReloadAssembly
C:\build\output\Unity-Technologies\mono\mono\metadata\icall.c:1842:
C:\build\output\Unity-Technologies\mono\mono\metadata\icall.c:1842:
C:\build\output\Unity-Technologies\mono\mono\metadata\icall.c:1842:
C:\build\output\Unity-Technologies\mono\mono\metadata\icall.c:1842:
C:\build\output\Unity-Technologies\mono\mono\metadata\icall.c:1842:
C:\build\output\Unity-Technologies\mono\mono\metadata\icall.c:1842:
C:\build\output\Unity-Technologies\mono\mono\metadata\icall.c:1842:
C:\build\output\Unity-Technologies\mono\mono\metadata\icall.c:1842:
C:\build\output\Unity-Technologies\mono\mono\metadata\icall.c:1842:
C:\build\output\Unity-Technologies\mono\mono\metadata\icall.c:1842:
Registering precompiled unity dll's ...
Register platform support module: C:/Program Files/Unity/Hub/Editor/2023.2.5f1/Editor/Data/PlaybackEngines/WindowsStandaloneSupport/UnityEditor.WindowsStandalone.Extensions.dll
Registered in 0.002048 seconds.
- Loaded All Assemblies, in  0.361 seconds
Native extension for WindowsStandalone target not found
Mono: successfully reloaded assembly
C:\build\output\Unity-Technologies\mono\mono\metadata\icall.c:1842:
C:\build\output\Unity-Technologies\mono\mono\metadata\icall.c:1842:
- Finished resetting the current domain, in  0.307 seconds
Domain Reload Profiling: 667ms
	BeginReloadAssembly (120ms)
		ExecutionOrderSort (0ms)
		DisableScriptedObjects (0ms)
		BackupInstance (0ms)
		ReleaseScriptingObjects (0ms)
		CreateAndSetChildDomain (1ms)
	RebuildCommonClasses (33ms)
	RebuildNativeTypeToScriptingClass (14ms)
	initialDomainReloadingComplete (46ms)
	LoadAllAssembliesAndSetupDomain (146ms)
		LoadAssemblies (117ms)
		RebuildTransferFunctionScriptingTraits (0ms)
		AnalyzeDomain (144ms)
			TypeCache.Refresh (143ms)
				TypeCache.ScanAssembly (130ms)
			BuildScriptInfoCaches (0ms)
			ResolveRequiredComponents (0ms)
	FinalizeReload (308ms)
		ReleaseScriptCaches (0ms)
		RebuildScriptCaches (0ms)
		SetupLoadedEditorAssemblies (252ms)
			LogAssemblyErrors (0ms)
			InitializePlatformSupportModulesInManaged (8ms)
			SetLoadedEditorAssemblies (5ms)
			BeforeProcessingInitializeOnLoad (7ms)
			ProcessInitializeOnLoadAttributes (189ms)
			ProcessInitializeOnLoadMethodAttributes (44ms)
			AfterProcessingInitializeOnLoad (0ms)
			EditorAssembliesLoaded (0ms)
		ExecutionOrderSort2 (0ms)
		AwakeInstancesAfterBackupRestoration (0ms)
========================================================================
Worker process is ready to serve import requests
Import Worker Mode flag is 0x00
Begin MonoManager ReloadAssembly
C:\build\output\Unity-Technologies\mono\mono\metadata\icall.c:1842:
C:\build\output\Unity-Technologies\mono\mono\metadata\icall.c:1842:
C:\build\output\Unity-Technologies\mono\mono\metadata\icall.c:1842:
C:\build\output\Unity-Technologies\mono\mono\metadata\icall.c:1842:
C:\build\output\Unity-Technologies\mono\mono\metadata\icall.c:1842:
C:\build\output\Unity-Technologies\mono\mono\metadata\icall.c:1842:
C:\build\output\Unity-Technologies\mono\mono\metadata\icall.c:1842:
C:\build\output\Unity-Technologies\mono\mono\metadata\icall.c:1842:
C:\build\output\Unity-Technologies\mono\mono\metadata\icall.c:1842:
C:\build\output\Unity-Technologies\mono\mono\metadata\icall.c:1842:
C:\build\output\Unity-Technologies\mono\mono\metadata\icall.c:1842:
C:\build\output\Unity-Technologies\mono\mono\metadata\icall.c:1842:
Symbol file LoadedFromMemory doesn't match image C:\melvin_branch\Cast Away\Library\PackageCache\com.unity.visualscripting@1.8.0\Editor\VisualScripting.Core\Dependencies\YamlDotNet\Unity.VisualScripting.YamlDotNet.dll
Symbol file LoadedFromMemory doesn't match image C:\melvin_branch\Cast Away\Library\PackageCache\com.unity.visualscripting@1.8.0\Editor\VisualScripting.Core\Dependencies\DotNetZip\Unity.VisualScripting.IonicZip.dll
- Loaded All Assemblies, in  0.762 seconds
Refreshing native plugins compatible for Editor in 0.71 ms, found 4 plugins.
Native extension for WindowsStandalone target not found
Mono: successfully reloaded assembly
- Finished resetting the current domain, in  0.572 seconds
Domain Reload Profiling: 1331ms
	BeginReloadAssembly (349ms)
		ExecutionOrderSort (0ms)
		DisableScriptedObjects (5ms)
		BackupInstance (0ms)
		ReleaseScriptingObjects (0ms)
		CreateAndSetChildDomain (31ms)
	RebuildCommonClasses (35ms)
	RebuildNativeTypeToScriptingClass (11ms)
	initialDomainReloadingComplete (38ms)
	LoadAllAssembliesAndSetupDomain (326ms)
		LoadAssemblies (283ms)
		RebuildTransferFunctionScriptingTraits (0ms)
		AnalyzeDomain (139ms)
			TypeCache.Refresh (114ms)
				TypeCache.ScanAssembly (102ms)
			BuildScriptInfoCaches (20ms)
			ResolveRequiredComponents (3ms)
	FinalizeReload (572ms)
		ReleaseScriptCaches (0ms)
		RebuildScriptCaches (0ms)
		SetupLoadedEditorAssemblies (403ms)
			LogAssemblyErrors (0ms)
			InitializePlatformSupportModulesInManaged (2ms)
			SetLoadedEditorAssemblies (4ms)
			BeforeProcessingInitializeOnLoad (37ms)
			ProcessInitializeOnLoadAttributes (328ms)
			ProcessInitializeOnLoadMethodAttributes (29ms)
			AfterProcessingInitializeOnLoad (4ms)
			EditorAssembliesLoaded (0ms)
		ExecutionOrderSort2 (0ms)
		AwakeInstancesAfterBackupRestoration (5ms)
Launched and connected shader compiler UnityShaderCompiler.exe after 0.01 seconds
Refreshing native plugins compatible for Editor in 0.79 ms, found 4 plugins.
Preloading 0 native plugins for Editor in 0.00 ms.
Unloading 20 Unused Serialized files (Serialized files now loaded: 0)
Unloading 4129 unused Assets / (1.2 MB). Loaded Objects now: 4696.
Memory consumption went from 131.8 MB to 130.6 MB.
Total: 4.406700 ms (FindLiveObjects: 0.352700 ms CreateObjectMapping: 0.257200 ms MarkObjects: 3.026100 ms  DeleteObjects: 0.768900 ms)

========================================================================
Received Import Request.
  Time since last request: 8923.425480 seconds.
  path: Assets/CharacterSprite/Comic Battle Royale/2D Character - Astronaut/Variant C/Prefabs/Character/bomb_hold_up.prefab
  artifactKey: Guid(9d5693736a2c4eb7931e25680cf97cbd) Importer(815301076,1909f56bfc062723c751e8b465ee728b)
Start importing Assets/CharacterSprite/Comic Battle Royale/2D Character - Astronaut/Variant C/Prefabs/Character/bomb_hold_up.prefab using Guid(9d5693736a2c4eb7931e25680cf97cbd) Importer(815301076,1909f56bfc062723c751e8b465ee728b) (PreviewImporter) -> (artifact id: '3cebe72e360dbf2e2582948c83ee35dd') in 0.1684714 seconds
Internal: There are remaining Allocations on the JobTempAlloc. This is a leak, and will impact performance
To Debug, run app with -diag-job-temp-memory-leak-validation cmd line argument. This will output the callstacks of the leaked allocations.
Number of updated asset objects reloaded before import = 0Number of asset objects unloaded after import = 101

========================================================================
Received Import Request.
  Time since last request: 0.000022 seconds.
  path: Assets/CharacterSprite/Comic Battle Royale/2D Character - Astronaut/Variant C/Prefabs/Character/scythe_idle_down.prefab
  artifactKey: Guid(7d4b6e6e91e247b28eedd730a326f690) Importer(815301076,1909f56bfc062723c751e8b465ee728b)
Start importing Assets/CharacterSprite/Comic Battle Royale/2D Character - Astronaut/Variant C/Prefabs/Character/scythe_idle_down.prefab using Guid(7d4b6e6e91e247b28eedd730a326f690) Importer(815301076,1909f56bfc062723c751e8b465ee728b) (PreviewImporter) -> (artifact id: '2f2721b10c0f077080c9514e8cea821a') in 0.0111879 seconds
Internal: There are remaining Allocations on the JobTempAlloc. This is a leak, and will impact performance
To Debug, run app with -diag-job-temp-memory-leak-validation cmd line argument. This will output the callstacks of the leaked allocations.
Number of updated asset objects reloaded before import = 0Number of asset objects unloaded after import = 22

========================================================================
Received Import Request.
  Time since last request: 0.000020 seconds.
  path: Assets/CharacterSprite/Comic Battle Royale/2D Character - Astronaut/Variant C/Prefabs/Character/hammer_idle_up.prefab
  artifactKey: Guid(28dee41ea2b344f78c1862f2af03a2a5) Importer(815301076,1909f56bfc062723c751e8b465ee728b)
Start importing Assets/CharacterSprite/Comic Battle Royale/2D Character - Astronaut/Variant C/Prefabs/Character/hammer_idle_up.prefab using Guid(28dee41ea2b344f78c1862f2af03a2a5) Importer(815301076,1909f56bfc062723c751e8b465ee728b) (PreviewImporter) -> (artifact id: 'da7a964167eb407d33f77a81a85ad217') in 0.0118598 seconds
Internal: There are remaining Allocations on the JobTempAlloc. This is a leak, and will impact performance
To Debug, run app with -diag-job-temp-memory-leak-validation cmd line argument. This will output the callstacks of the leaked allocations.
Number of updated asset objects reloaded before import = 0Number of asset objects unloaded after import = 17

========================================================================
Received Import Request.
  Time since last request: 0.000018 seconds.
  path: Assets/CharacterSprite/Comic Battle Royale/2D Character - Astronaut/Variant C/Prefabs/Character/hammer_idle_side.prefab
  artifactKey: Guid(7923ffd8ec924bad817f5a663483f985) Importer(815301076,1909f56bfc062723c751e8b465ee728b)
Start importing Assets/CharacterSprite/Comic Battle Royale/2D Character - Astronaut/Variant C/Prefabs/Character/hammer_idle_side.prefab using Guid(7923ffd8ec924bad817f5a663483f985) Importer(815301076,1909f56bfc062723c751e8b465ee728b) (PreviewImporter) -> (artifact id: '5deafb6fa8bf6e8744f1c92fe06914fc') in 0.0108417 seconds
Internal: There are remaining Allocations on the JobTempAlloc. This is a leak, and will impact performance
To Debug, run app with -diag-job-temp-memory-leak-validation cmd line argument. This will output the callstacks of the leaked allocations.
Number of updated asset objects reloaded before import = 0Number of asset objects unloaded after import = 22

========================================================================
Received Import Request.
  Time since last request: 0.000024 seconds.
  path: Assets/CharacterSprite/Comic Battle Royale/2D Character - Astronaut/Variant C/Prefabs/Character/bomb_throw_side.prefab
  artifactKey: Guid(8b7b2bb971454073b46edf88dfe5c4de) Importer(815301076,1909f56bfc062723c751e8b465ee728b)
Start importing Assets/CharacterSprite/Comic Battle Royale/2D Character - Astronaut/Variant C/Prefabs/Character/bomb_throw_side.prefab using Guid(8b7b2bb971454073b46edf88dfe5c4de) Importer(815301076,1909f56bfc062723c751e8b465ee728b) (PreviewImporter) -> (artifact id: '05efc3dbc522db29fae63475a82da730') in 0.0635455 seconds
Internal: There are remaining Allocations on the JobTempAlloc. This is a leak, and will impact performance
To Debug, run app with -diag-job-temp-memory-leak-validation cmd line argument. This will output the callstacks of the leaked allocations.
Number of updated asset objects reloaded before import = 0Number of asset objects unloaded after import = 55

========================================================================
Received Import Request.
  Time since last request: 0.000016 seconds.
  path: Assets/CharacterSprite/Comic Battle Royale/2D Character - Astronaut/Variant C/Prefabs/Character/bomb_throw_up.prefab
  artifactKey: Guid(a2f29007c5cc434b9a094b6e791ba517) Importer(815301076,1909f56bfc062723c751e8b465ee728b)
Start importing Assets/CharacterSprite/Comic Battle Royale/2D Character - Astronaut/Variant C/Prefabs/Character/bomb_throw_up.prefab using Guid(a2f29007c5cc434b9a094b6e791ba517) Importer(815301076,1909f56bfc062723c751e8b465ee728b) (PreviewImporter) -> (artifact id: 'bc0a17b15ff8570efc5d9db522247289') in 0.0891988 seconds
Internal: There are remaining Allocations on the JobTempAlloc. This is a leak, and will impact performance
To Debug, run app with -diag-job-temp-memory-leak-validation cmd line argument. This will output the callstacks of the leaked allocations.
Number of updated asset objects reloaded before import = 0Number of asset objects unloaded after import = 55

========================================================================
Received Import Request.
  Time since last request: 0.000017 seconds.
  path: Assets/CharacterSprite/Comic Battle Royale/2D Character - Astronaut/Variant C/Prefabs/Character/rifle_down.prefab
  artifactKey: Guid(a775b201dc8f4fb4a6dc9f6dde59f9e2) Importer(815301076,1909f56bfc062723c751e8b465ee728b)
Start importing Assets/CharacterSprite/Comic Battle Royale/2D Character - Astronaut/Variant C/Prefabs/Character/rifle_down.prefab using Guid(a775b201dc8f4fb4a6dc9f6dde59f9e2) Importer(815301076,1909f56bfc062723c751e8b465ee728b) (PreviewImporter) -> (artifact id: 'cf77f5b553c867a913822b32428b5b02') in 0.0133417 seconds
Internal: There are remaining Allocations on the JobTempAlloc. This is a leak, and will impact performance
To Debug, run app with -diag-job-temp-memory-leak-validation cmd line argument. This will output the callstacks of the leaked allocations.
Number of updated asset objects reloaded before import = 0Number of asset objects unloaded after import = 27

========================================================================
Received Import Request.
  Time since last request: 0.000021 seconds.
  path: Assets/CharacterSprite/Comic Battle Royale/2D Character - Astronaut/Variant C/Prefabs/Character/hit_B_up.prefab
  artifactKey: Guid(ef1978805a68435fb23f2c6b1069544d) Importer(815301076,1909f56bfc062723c751e8b465ee728b)
Start importing Assets/CharacterSprite/Comic Battle Royale/2D Character - Astronaut/Variant C/Prefabs/Character/hit_B_up.prefab using Guid(ef1978805a68435fb23f2c6b1069544d) Importer(815301076,1909f56bfc062723c751e8b465ee728b) (PreviewImporter) -> (artifact id: 'ae480bdc006c6a4f3c1a354ef44ca9d8') in 0.0441059 seconds
Internal: There are remaining Allocations on the JobTempAlloc. This is a leak, and will impact performance
To Debug, run app with -diag-job-temp-memory-leak-validation cmd line argument. This will output the callstacks of the leaked allocations.
Number of updated asset objects reloaded before import = 0Number of asset objects unloaded after import = 41

========================================================================
Received Import Request.
  Time since last request: 0.000017 seconds.
  path: Assets/CharacterSprite/Comic Battle Royale/2D Character - Astronaut/Variant C/Prefabs/Character/sword_idle_up.prefab
  artifactKey: Guid(057548a66e7b41f49528dcaa74fb245f) Importer(815301076,1909f56bfc062723c751e8b465ee728b)
Start importing Assets/CharacterSprite/Comic Battle Royale/2D Character - Astronaut/Variant C/Prefabs/Character/sword_idle_up.prefab using Guid(057548a66e7b41f49528dcaa74fb245f) Importer(815301076,1909f56bfc062723c751e8b465ee728b) (PreviewImporter) -> (artifact id: '6afbbafa0170d9a0a61d8ff5fb93c222') in 0.0097496 seconds
Internal: There are remaining Allocations on the JobTempAlloc. This is a leak, and will impact performance
To Debug, run app with -diag-job-temp-memory-leak-validation cmd line argument. This will output the callstacks of the leaked allocations.
Number of updated asset objects reloaded before import = 0Number of asset objects unloaded after import = 17

========================================================================
Received Import Request.
  Time since last request: 0.000025 seconds.
  path: Assets/CharacterSprite/Comic Battle Royale/2D Character - Astronaut/Variant C/Prefabs/Character/sword_idle_side.prefab
  artifactKey: Guid(d06e6cb653c442e98e2a132d0e2be863) Importer(815301076,1909f56bfc062723c751e8b465ee728b)
Start importing Assets/CharacterSprite/Comic Battle Royale/2D Character - Astronaut/Variant C/Prefabs/Character/sword_idle_side.prefab using Guid(d06e6cb653c442e98e2a132d0e2be863) Importer(815301076,1909f56bfc062723c751e8b465ee728b) (PreviewImporter) -> (artifact id: 'aa0ce752848a25ec876dd69f057cec16') in 0.0120367 seconds
Internal: There are remaining Allocations on the JobTempAlloc. This is a leak, and will impact performance
To Debug, run app with -diag-job-temp-memory-leak-validation cmd line argument. This will output the callstacks of the leaked allocations.
Number of updated asset objects reloaded before import = 0Number of asset objects unloaded after import = 22

========================================================================
Received Import Request.
  Time since last request: 0.000019 seconds.
  path: Assets/CharacterSprite/Comic Battle Royale/2D Character - Astronaut/Variant C/Prefabs/Character/scythe_attack_up.prefab
  artifactKey: Guid(94b4b8f05f444d2f98a89b8192bb8b20) Importer(815301076,1909f56bfc062723c751e8b465ee728b)
Start importing Assets/CharacterSprite/Comic Battle Royale/2D Character - Astronaut/Variant C/Prefabs/Character/scythe_attack_up.prefab using Guid(94b4b8f05f444d2f98a89b8192bb8b20) Importer(815301076,1909f56bfc062723c751e8b465ee728b) (PreviewImporter) -> (artifact id: 'd821f96e437ae43a2f64ceac5fbc101f') in 0.0551511 seconds
Internal: There are remaining Allocations on the JobTempAlloc. This is a leak, and will impact performance
To Debug, run app with -diag-job-temp-memory-leak-validation cmd line argument. This will output the callstacks of the leaked allocations.
Number of updated asset objects reloaded before import = 0Number of asset objects unloaded after import = 79

========================================================================
Received Import Request.
  Time since last request: 0.000015 seconds.
  path: Assets/CharacterSprite/Comic Battle Royale/2D Character - Astronaut/Variant C/Prefabs/Character/rifle_side.prefab
  artifactKey: Guid(8b9fcb8b9259474fb64fb829458de1b5) Importer(815301076,1909f56bfc062723c751e8b465ee728b)
Start importing Assets/CharacterSprite/Comic Battle Royale/2D Character - Astronaut/Variant C/Prefabs/Character/rifle_side.prefab using Guid(8b9fcb8b9259474fb64fb829458de1b5) Importer(815301076,1909f56bfc062723c751e8b465ee728b) (PreviewImporter) -> (artifact id: '746fccde53d9235667cfecd7dfe63336') in 0.0125917 seconds
Internal: There are remaining Allocations on the JobTempAlloc. This is a leak, and will impact performance
To Debug, run app with -diag-job-temp-memory-leak-validation cmd line argument. This will output the callstacks of the leaked allocations.
Number of updated asset objects reloaded before import = 0Number of asset objects unloaded after import = 32

========================================================================
Received Import Request.
  Time since last request: 0.000020 seconds.
  path: Assets/CharacterSprite/Comic Battle Royale/2D Character - Astronaut/Variant C/Prefabs/Character/slide_down.prefab
  artifactKey: Guid(5d4a5a4c14d94a18b37557b23da48498) Importer(815301076,1909f56bfc062723c751e8b465ee728b)
Start importing Assets/CharacterSprite/Comic Battle Royale/2D Character - Astronaut/Variant C/Prefabs/Character/slide_down.prefab using Guid(5d4a5a4c14d94a18b37557b23da48498) Importer(815301076,1909f56bfc062723c751e8b465ee728b) (PreviewImporter) -> (artifact id: '44f6c113ee14e2b862cc6a278048b8d2') in 0.056706 seconds
Internal: JobTempAlloc has allocations that are more than the maximum lifespan of 4 frames old - this is not allowed and likely a leak
To Debug, run app with -diag-job-temp-memory-leak-validation cmd line argument. This will output the callstacks of the leaked allocations.
Internal: There are remaining Allocations on the JobTempAlloc. This is a leak, and will impact performance
To Debug, run app with -diag-job-temp-memory-leak-validation cmd line argument. This will output the callstacks of the leaked allocations.
Number of updated asset objects reloaded before import = 0Number of asset objects unloaded after import = 37

========================================================================
Received Import Request.
  Time since last request: 0.000016 seconds.
  path: Assets/CharacterSprite/Comic Battle Royale/2D Character - Astronaut/Variant C/Prefabs/Character/crawl_down.prefab
  artifactKey: Guid(790df99c14914fe6844ba272c86c5103) Importer(815301076,1909f56bfc062723c751e8b465ee728b)
Start importing Assets/CharacterSprite/Comic Battle Royale/2D Character - Astronaut/Variant C/Prefabs/Character/crawl_down.prefab using Guid(790df99c14914fe6844ba272c86c5103) Importer(815301076,1909f56bfc062723c751e8b465ee728b) (PreviewImporter) -> (artifact id: 'dab273abc1efefb66b06001e13378582') in 0.0807182 seconds
Internal: There are remaining Allocations on the JobTempAlloc. This is a leak, and will impact performance
To Debug, run app with -diag-job-temp-memory-leak-validation cmd line argument. This will output the callstacks of the leaked allocations.
Number of updated asset objects reloaded before import = 0Number of asset objects unloaded after import = 53

========================================================================
Received Import Request.
  Time since last request: 0.000027 seconds.
  path: Assets/CharacterSprite/Comic Battle Royale/2D Character - Astronaut/Variant C/Prefabs/Character/gun_up.prefab
  artifactKey: Guid(578d4f3c4f1a4fa2bb56b1682f57288d) Importer(815301076,1909f56bfc062723c751e8b465ee728b)
Start importing Assets/CharacterSprite/Comic Battle Royale/2D Character - Astronaut/Variant C/Prefabs/Character/gun_up.prefab using Guid(578d4f3c4f1a4fa2bb56b1682f57288d) Importer(815301076,1909f56bfc062723c751e8b465ee728b) (PreviewImporter) -> (artifact id: '1136d24cdbc3e6efab4151e2f03e16f6') in 0.0120236 seconds
Internal: There are remaining Allocations on the JobTempAlloc. This is a leak, and will impact performance
To Debug, run app with -diag-job-temp-memory-leak-validation cmd line argument. This will output the callstacks of the leaked allocations.
Number of updated asset objects reloaded before import = 0Number of asset objects unloaded after import = 27

========================================================================
Received Import Request.
  Time since last request: 0.000024 seconds.
  path: Assets/CharacterSprite/Comic Battle Royale/2D Character - Astronaut/Variant C/Prefabs/Character/hammer_attack_up.prefab
  artifactKey: Guid(d749bd3ea05142fca21f0a910f72ddb0) Importer(815301076,1909f56bfc062723c751e8b465ee728b)
Start importing Assets/CharacterSprite/Comic Battle Royale/2D Character - Astronaut/Variant C/Prefabs/Character/hammer_attack_up.prefab using Guid(d749bd3ea05142fca21f0a910f72ddb0) Importer(815301076,1909f56bfc062723c751e8b465ee728b) (PreviewImporter) -> (artifact id: 'f829ef9a75c2c087c956fc3d619e4057') in 0.1030669 seconds
Internal: There are remaining Allocations on the JobTempAlloc. This is a leak, and will impact performance
To Debug, run app with -diag-job-temp-memory-leak-validation cmd line argument. This will output the callstacks of the leaked allocations.
Number of updated asset objects reloaded before import = 0Number of asset objects unloaded after import = 115

========================================================================
Received Import Request.
  Time since last request: 0.000020 seconds.
  path: Assets/CharacterSprite/Comic Battle Royale/2D Character - Astronaut/Variant C/Prefabs/Character/walk_down.prefab
  artifactKey: Guid(5251f87f93d047bfba62803e60d7ce2e) Importer(815301076,1909f56bfc062723c751e8b465ee728b)
Start importing Assets/CharacterSprite/Comic Battle Royale/2D Character - Astronaut/Variant C/Prefabs/Character/walk_down.prefab using Guid(5251f87f93d047bfba62803e60d7ce2e) Importer(815301076,1909f56bfc062723c751e8b465ee728b) (PreviewImporter) -> (artifact id: '42893369c3b461e048b51daf0c1c10f1') in 0.0624628 seconds
Internal: There are remaining Allocations on the JobTempAlloc. This is a leak, and will impact performance
To Debug, run app with -diag-job-temp-memory-leak-validation cmd line argument. This will output the callstacks of the leaked allocations.
Number of updated asset objects reloaded before import = 0Number of asset objects unloaded after import = 43

========================================================================
Received Import Request.
  Time since last request: 0.000016 seconds.
  path: Assets/CharacterSprite/Comic Battle Royale/2D Character - Astronaut/Variant C/Prefabs/Character/hit_A_down.prefab
  artifactKey: Guid(76dafdce3d9942c685badf374e1df0e9) Importer(815301076,1909f56bfc062723c751e8b465ee728b)
Start importing Assets/CharacterSprite/Comic Battle Royale/2D Character - Astronaut/Variant C/Prefabs/Character/hit_A_down.prefab using Guid(76dafdce3d9942c685badf374e1df0e9) Importer(815301076,1909f56bfc062723c751e8b465ee728b) (PreviewImporter) -> (artifact id: 'f6851f3f48a868a497e958f618dc85b4') in 0.0542016 seconds
Internal: There are remaining Allocations on the JobTempAlloc. This is a leak, and will impact performance
To Debug, run app with -diag-job-temp-memory-leak-validation cmd line argument. This will output the callstacks of the leaked allocations.
Number of updated asset objects reloaded before import = 0Number of asset objects unloaded after import = 41

========================================================================
Received Import Request.
  Time since last request: 0.000018 seconds.
  path: Assets/CharacterSprite/Comic Battle Royale/2D Character - Astronaut/Variant C/Prefabs/Character/hit_A_up.prefab
  artifactKey: Guid(23ab5a6d8f074ca699f58f53b1da1679) Importer(815301076,1909f56bfc062723c751e8b465ee728b)
Start importing Assets/CharacterSprite/Comic Battle Royale/2D Character - Astronaut/Variant C/Prefabs/Character/hit_A_up.prefab using Guid(23ab5a6d8f074ca699f58f53b1da1679) Importer(815301076,1909f56bfc062723c751e8b465ee728b) (PreviewImporter) -> (artifact id: '25c8e127046cfddb558dc3b50d1c6a24') in 0.0505173 seconds
Internal: There are remaining Allocations on the JobTempAlloc. This is a leak, and will impact performance
To Debug, run app with -diag-job-temp-memory-leak-validation cmd line argument. This will output the callstacks of the leaked allocations.
Number of updated asset objects reloaded before import = 0Number of asset objects unloaded after import = 41

========================================================================
Received Import Request.
  Time since last request: 0.000027 seconds.
  path: Assets/CharacterSprite/Comic Battle Royale/2D Character - Astronaut/Variant C/Prefabs/Character/hit_B_down.prefab
  artifactKey: Guid(33240cc125e9416bbe8a84c4dcdcf665) Importer(815301076,1909f56bfc062723c751e8b465ee728b)
Start importing Assets/CharacterSprite/Comic Battle Royale/2D Character - Astronaut/Variant C/Prefabs/Character/hit_B_down.prefab using Guid(33240cc125e9416bbe8a84c4dcdcf665) Importer(815301076,1909f56bfc062723c751e8b465ee728b) (PreviewImporter) -> (artifact id: 'e270593e42e6ba15f0b34fd77c90fff2') in 0.0594579 seconds
Internal: There are remaining Allocations on the JobTempAlloc. This is a leak, and will impact performance
To Debug, run app with -diag-job-temp-memory-leak-validation cmd line argument. This will output the callstacks of the leaked allocations.
Number of updated asset objects reloaded before import = 0Number of asset objects unloaded after import = 41

========================================================================
Received Import Request.
  Time since last request: 0.000014 seconds.
  path: Assets/CharacterSprite/Comic Battle Royale/2D Character - Astronaut/Variant C/Prefabs/Character/duck_down.prefab
  artifactKey: Guid(51a5720988534b09bf629cac8a802381) Importer(815301076,1909f56bfc062723c751e8b465ee728b)
Start importing Assets/CharacterSprite/Comic Battle Royale/2D Character - Astronaut/Variant C/Prefabs/Character/duck_down.prefab using Guid(51a5720988534b09bf629cac8a802381) Importer(815301076,1909f56bfc062723c751e8b465ee728b) (PreviewImporter) -> (artifact id: '146c648cc5d3cc99cd0af776c36aa2f1') in 0.0691851 seconds
Internal: There are remaining Allocations on the JobTempAlloc. This is a leak, and will impact performance
To Debug, run app with -diag-job-temp-memory-leak-validation cmd line argument. This will output the callstacks of the leaked allocations.
Number of updated asset objects reloaded before import = 0Number of asset objects unloaded after import = 57

Editor requested this worker to shutdown with reason: Scaling down because of idle timeout
AssetImportWorker is now disconnected from the server
Process exiting
Exiting without the bug reporter. Application will terminate with return code 0